#
# There is insufficient memory for the Java Runtime Environment to continue.
# Native memory allocation (mmap) failed to map 33554432 bytes for committing reserved memory.
# Possible reasons:
#   The system is out of physical RAM or swap space
#   The process is running with CompressedOops enabled, and the Java Heap may be blocking the growth of the native heap
# Possible solutions:
#   Reduce memory load on the system
#   Increase physical memory or swap space
#   Check if swap backing store is full
#   Decrease Java heap size (-Xmx/-Xms)
#   Decrease number of Java threads
#   Decrease Java thread stack sizes (-Xss)
#   Set larger code cache with -XX:ReservedCodeCacheSize=
# This output file may be truncated or incomplete.
#
#  Out of Memory Error (os_linux.cpp:2852), pid=19838, tid=19839
#
# JRE version:  (11.0.6+10) (build )
# Java VM: OpenJDK 64-Bit Server VM (11.0.6+10-post-Debian-1deb10u1, mixed mode, sharing, tiered, compressed oops, g1 gc, linux-amd64)
# No core dump will be written. Core dumps have been disabled. To enable core dumping, try "ulimit -c unlimited" before starting Java again
#

---------------  S U M M A R Y ------------

Command Line: 

Host: Intel(R) Core(TM) i3-2367M CPU @ 1.40GHz, 4 cores, 3G, MX 19 patito feo
Time: Wed Jun 10 15:24:54 2020 WIB elapsed time: 4 seconds (0d 0h 0m 4s)

---------------  T H R E A D  ---------------

Current thread (0x00007f3654013800):  JavaThread "Unknown thread" [_thread_in_vm, id=19839, stack(0x00007f36594f4000,0x00007f36595f5000)]

Stack: [0x00007f36594f4000,0x00007f36595f5000],  sp=0x00007f36595f34b0,  free space=1021k
Native frames: (J=compiled Java code, A=aot compiled Java code, j=interpreted, Vv=VM code, C=native code)
V  [libjvm.so+0xd24d14]
V  [libjvm.so+0xd2598b]
V  [libjvm.so+0x617df5]
V  [libjvm.so+0xb30348]
V  [libjvm.so+0xb2864f]
V  [libjvm.so+0x6fd963]
V  [libjvm.so+0x70142a]
V  [libjvm.so+0x6ee65e]
V  [libjvm.so+0xce7d02]
V  [libjvm.so+0xce7f96]
V  [libjvm.so+0x7ce087]
V  [libjvm.so+0xcc2f3a]
V  [libjvm.so+0x873e41]  JNI_CreateJavaVM+0x51
C  [libjli.so+0x47ff]
C  [libjli.so+0x94bd]


---------------  P R O C E S S  ---------------

Threads class SMR info:
_java_thread_list=0x0000555e7ac70f20, length=0, elements={
}

Java Threads: ( => current thread )

Other Threads:
  0x00007f365402b800 GCTaskThread "GC Thread#0" [stack: 0x00007f36591ac000,0x00007f36592ac000] [id=19841]

[error occurred during error reporting (printing all threads), id 0xb, SIGSEGV (0xb) at pc=0x00007f365a012d00]

VM state:not at safepoint (not fully initialized)

VM Mutex/Monitor currently owned by a thread:  ([mutex/lock_event])
[0x00007f3654010e40] Heap_lock - owner thread: 0x00007f3654013800

Heap address: 0x00000000c5800000, size: 936 MB, Compressed Oops mode: Non-zero based: 0x00000000c5800000
Narrow klass base: 0x0000000000000000, Narrow klass shift: 0

GC Heap History (0 events):
No events

Deoptimization events (0 events):
No events

Classes redefined (0 events):
No events

Internal exceptions (0 events):
No events

Events (3 events):
Event: 1.504 Protecting memory [0x00007f36594f4000,0x00007f36594f8000] with protection modes 0
Event: 2.092 Loaded shared library /usr/lib/jvm/java-11-openjdk-amd64/lib/libzip.so
Event: 2.422 Loaded shared library /usr/lib/jvm/java-11-openjdk-amd64/lib/libjimage.so


Dynamic libraries:
c5800000-100000000 ---p 00000000 00:00 0 
555e79a1e000-555e79a1f000 r--p 00000000 08:02 1443488                    /usr/lib/jvm/java-11-openjdk-amd64/bin/java
555e79a1f000-555e79a20000 r-xp 00001000 08:02 1443488                    /usr/lib/jvm/java-11-openjdk-amd64/bin/java
555e79a20000-555e79a21000 r--p 00002000 08:02 1443488                    /usr/lib/jvm/java-11-openjdk-amd64/bin/java
555e79a21000-555e79a22000 r--p 00002000 08:02 1443488                    /usr/lib/jvm/java-11-openjdk-amd64/bin/java
555e79a22000-555e79a23000 rw-p 00003000 08:02 1443488                    /usr/lib/jvm/java-11-openjdk-amd64/bin/java
555e7ac59000-555e7ac7a000 rw-p 00000000 00:00 0                          [heap]
7f3628000000-7f3628021000 rw-p 00000000 00:00 0 
7f3628021000-7f362c000000 ---p 00000000 00:00 0 
7f3630000000-7f3630021000 rw-p 00000000 00:00 0 
7f3630021000-7f3634000000 ---p 00000000 00:00 0 
7f36362c0000-7f3638000000 ---p 00000000 00:00 0 
7f3638000000-7f3638021000 rw-p 00000000 00:00 0 
7f3638021000-7f363c000000 ---p 00000000 00:00 0 
7f363c910000-7f363cb80000 rwxp 00000000 00:00 0 
7f363cb80000-7f363cea0000 ---p 00000000 00:00 0 
7f363cea0000-7f363d110000 rwxp 00000000 00:00 0 
7f363d110000-7f36443d8000 ---p 00000000 00:00 0 
7f36443d8000-7f3644648000 rwxp 00000000 00:00 0 
7f3644648000-7f364b910000 ---p 00000000 00:00 0 
7f364b910000-7f3654000000 r--s 00000000 08:02 1451432                    /usr/lib/jvm/java-11-openjdk-amd64/lib/modules
7f3654000000-7f3654052000 rw-p 00000000 00:00 0 
7f3654052000-7f3658000000 ---p 00000000 00:00 0 
7f3658606000-7f3658607000 ---p 00000000 00:00 0 
7f3658607000-7f3658708000 rw-p 00000000 00:00 0 
7f3658708000-7f3658709000 ---p 00000000 00:00 0 
7f3658709000-7f365882a000 rw-p 00000000 00:00 0 
7f365882a000-7f3658da6000 ---p 00000000 00:00 0 
7f3658da6000-7f36591aa000 rw-p 00000000 00:00 0 
7f36591aa000-7f36591ab000 ---p 00000000 00:00 0 
7f36591ab000-7f36592b1000 rw-p 00000000 00:00 0 
7f36592b1000-7f3659397000 ---p 00000000 00:00 0 
7f3659397000-7f365939c000 rw-p 00000000 00:00 0 
7f365939c000-7f3659482000 ---p 00000000 00:00 0 
7f3659482000-7f3659487000 rw-p 00000000 00:00 0 
7f3659487000-7f365948e000 ---p 00000000 00:00 0 
7f365948e000-7f3659491000 r--p 00000000 08:02 1841117                    /usr/lib/x86_64-linux-gnu/libnss_files-2.28.so
7f3659491000-7f3659498000 r-xp 00003000 08:02 1841117                    /usr/lib/x86_64-linux-gnu/libnss_files-2.28.so
7f3659498000-7f365949a000 r--p 0000a000 08:02 1841117                    /usr/lib/x86_64-linux-gnu/libnss_files-2.28.so
7f365949a000-7f365949b000 ---p 0000c000 08:02 1841117                    /usr/lib/x86_64-linux-gnu/libnss_files-2.28.so
7f365949b000-7f365949c000 r--p 0000c000 08:02 1841117                    /usr/lib/x86_64-linux-gnu/libnss_files-2.28.so
7f365949c000-7f365949d000 rw-p 0000d000 08:02 1841117                    /usr/lib/x86_64-linux-gnu/libnss_files-2.28.so
7f365949d000-7f36594a3000 rw-p 00000000 00:00 0 
7f36594a9000-7f36594ab000 r--s 00007000 08:02 3174849                    /usr/share/java/java-atk-wrapper.jar
7f36594ab000-7f36594ad000 r--p 00000000 08:02 1451414                    /usr/lib/jvm/java-11-openjdk-amd64/lib/libjimage.so
7f36594ad000-7f36594b0000 r-xp 00002000 08:02 1451414                    /usr/lib/jvm/java-11-openjdk-amd64/lib/libjimage.so
7f36594b0000-7f36594b2000 r--p 00005000 08:02 1451414                    /usr/lib/jvm/java-11-openjdk-amd64/lib/libjimage.so
7f36594b2000-7f36594b3000 r--p 00006000 08:02 1451414                    /usr/lib/jvm/java-11-openjdk-amd64/lib/libjimage.so
7f36594b3000-7f36594b4000 rw-p 00007000 08:02 1451414                    /usr/lib/jvm/java-11-openjdk-amd64/lib/libjimage.so
7f36594b4000-7f36594b6000 r--p 00000000 08:02 1451431                    /usr/lib/jvm/java-11-openjdk-amd64/lib/libzip.so
7f36594b6000-7f36594ba000 r-xp 00002000 08:02 1451431                    /usr/lib/jvm/java-11-openjdk-amd64/lib/libzip.so
7f36594ba000-7f36594bc000 r--p 00006000 08:02 1451431                    /usr/lib/jvm/java-11-openjdk-amd64/lib/libzip.so
7f36594bc000-7f36594bd000 r--p 00007000 08:02 1451431                    /usr/lib/jvm/java-11-openjdk-amd64/lib/libzip.so
7f36594bd000-7f36594be000 rw-p 00008000 08:02 1451431                    /usr/lib/jvm/java-11-openjdk-amd64/lib/libzip.so
7f36594be000-7f36594cb000 r--p 00000000 08:02 1451410                    /usr/lib/jvm/java-11-openjdk-amd64/lib/libjava.so
7f36594cb000-7f36594e0000 r-xp 0000d000 08:02 1451410                    /usr/lib/jvm/java-11-openjdk-amd64/lib/libjava.so
7f36594e0000-7f36594e7000 r--p 00022000 08:02 1451410                    /usr/lib/jvm/java-11-openjdk-amd64/lib/libjava.so
7f36594e7000-7f36594e8000 r--p 00028000 08:02 1451410                    /usr/lib/jvm/java-11-openjdk-amd64/lib/libjava.so
7f36594e8000-7f36594ea000 rw-p 00029000 08:02 1451410                    /usr/lib/jvm/java-11-openjdk-amd64/lib/libjava.so
7f36594ea000-7f36594ec000 r--p 00000000 08:02 1841390                    /usr/lib/x86_64-linux-gnu/librt-2.28.so
7f36594ec000-7f36594f0000 r-xp 00002000 08:02 1841390                    /usr/lib/x86_64-linux-gnu/librt-2.28.so
7f36594f0000-7f36594f2000 r--p 00006000 08:02 1841390                    /usr/lib/x86_64-linux-gnu/librt-2.28.so
7f36594f2000-7f36594f3000 r--p 00007000 08:02 1841390                    /usr/lib/x86_64-linux-gnu/librt-2.28.so
7f36594f3000-7f36594f4000 rw-p 00008000 08:02 1841390                    /usr/lib/x86_64-linux-gnu/librt-2.28.so
7f36594f4000-7f36594f8000 ---p 00000000 00:00 0 
7f36594f8000-7f36595f5000 rw-p 00000000 00:00 0 
7f36595f5000-7f36595f8000 r--p 00000000 08:02 1840464                    /usr/lib/x86_64-linux-gnu/libgcc_s.so.1
7f36595f8000-7f3659609000 r-xp 00003000 08:02 1840464                    /usr/lib/x86_64-linux-gnu/libgcc_s.so.1
7f3659609000-7f365960c000 r--p 00014000 08:02 1840464                    /usr/lib/x86_64-linux-gnu/libgcc_s.so.1
7f365960c000-7f365960d000 ---p 00017000 08:02 1840464                    /usr/lib/x86_64-linux-gnu/libgcc_s.so.1
7f365960d000-7f365960e000 r--p 00017000 08:02 1840464                    /usr/lib/x86_64-linux-gnu/libgcc_s.so.1
7f365960e000-7f365960f000 rw-p 00018000 08:02 1840464                    /usr/lib/x86_64-linux-gnu/libgcc_s.so.1
7f365960f000-7f365961c000 r--p 00000000 08:02 1840944                    /usr/lib/x86_64-linux-gnu/libm-2.28.so
7f365961c000-7f36596bb000 r-xp 0000d000 08:02 1840944                    /usr/lib/x86_64-linux-gnu/libm-2.28.so
7f36596bb000-7f3659790000 r--p 000ac000 08:02 1840944                    /usr/lib/x86_64-linux-gnu/libm-2.28.so
7f3659790000-7f3659791000 r--p 00180000 08:02 1840944                    /usr/lib/x86_64-linux-gnu/libm-2.28.so
7f3659791000-7f3659792000 rw-p 00181000 08:02 1840944                    /usr/lib/x86_64-linux-gnu/libm-2.28.so
7f3659792000-7f365981b000 r--p 00000000 08:02 1841495                    /usr/lib/x86_64-linux-gnu/libstdc++.so.6.0.25
7f365981b000-7f36598c7000 r-xp 00089000 08:02 1841495                    /usr/lib/x86_64-linux-gnu/libstdc++.so.6.0.25
7f36598c7000-7f3659905000 r--p 00135000 08:02 1841495                    /usr/lib/x86_64-linux-gnu/libstdc++.so.6.0.25
7f3659905000-7f3659906000 ---p 00173000 08:02 1841495                    /usr/lib/x86_64-linux-gnu/libstdc++.so.6.0.25
7f3659906000-7f3659910000 r--p 00173000 08:02 1841495                    /usr/lib/x86_64-linux-gnu/libstdc++.so.6.0.25
7f3659910000-7f3659912000 rw-p 0017d000 08:02 1841495                    /usr/lib/x86_64-linux-gnu/libstdc++.so.6.0.25
7f3659912000-7f3659916000 rw-p 00000000 00:00 0 
7f3659916000-7f3659b83000 r--p 00000000 08:02 1451437                    /usr/lib/jvm/java-11-openjdk-amd64/lib/server/libjvm.so
7f3659b83000-7f365a6af000 r-xp 0026d000 08:02 1451437                    /usr/lib/jvm/java-11-openjdk-amd64/lib/server/libjvm.so
7f365a6af000-7f365a8e7000 r--p 00d99000 08:02 1451437                    /usr/lib/jvm/java-11-openjdk-amd64/lib/server/libjvm.so
7f365a8e7000-7f365a9a4000 r--p 00fd0000 08:02 1451437                    /usr/lib/jvm/java-11-openjdk-amd64/lib/server/libjvm.so
7f365a9a4000-7f365a9de000 rw-p 0108d000 08:02 1451437                    /usr/lib/jvm/java-11-openjdk-amd64/lib/server/libjvm.so
7f365a9de000-7f365aa36000 rw-p 00000000 00:00 0 
7f365aa36000-7f365aa58000 r--p 00000000 08:02 1840137                    /usr/lib/x86_64-linux-gnu/libc-2.28.so
7f365aa58000-7f365aba0000 r-xp 00022000 08:02 1840137                    /usr/lib/x86_64-linux-gnu/libc-2.28.so
7f365aba0000-7f365abec000 r--p 0016a000 08:02 1840137                    /usr/lib/x86_64-linux-gnu/libc-2.28.so
7f365abec000-7f365abed000 ---p 001b6000 08:02 1840137                    /usr/lib/x86_64-linux-gnu/libc-2.28.so
7f365abed000-7f365abf1000 r--p 001b6000 08:02 1840137                    /usr/lib/x86_64-linux-gnu/libc-2.28.so
7f365abf1000-7f365abf3000 rw-p 001ba000 08:02 1840137                    /usr/lib/x86_64-linux-gnu/libc-2.28.so
7f365abf3000-7f365abf7000 rw-p 00000000 00:00 0 
7f365abf7000-7f365abf8000 r--p 00000000 08:02 1840286                    /usr/lib/x86_64-linux-gnu/libdl-2.28.so
7f365abf8000-7f365abf9000 r-xp 00001000 08:02 1840286                    /usr/lib/x86_64-linux-gnu/libdl-2.28.so
7f365abf9000-7f365abfa000 r--p 00002000 08:02 1840286                    /usr/lib/x86_64-linux-gnu/libdl-2.28.so
7f365abfa000-7f365abfb000 r--p 00002000 08:02 1840286                    /usr/lib/x86_64-linux-gnu/libdl-2.28.so
7f365abfb000-7f365abfc000 rw-p 00003000 08:02 1840286                    /usr/lib/x86_64-linux-gnu/libdl-2.28.so
7f365abfc000-7f365abff000 r--p 00000000 08:02 1451394                    /usr/lib/jvm/java-11-openjdk-amd64/lib/jli/libjli.so
7f365abff000-7f365ac09000 r-xp 00003000 08:02 1451394                    /usr/lib/jvm/java-11-openjdk-amd64/lib/jli/libjli.so
7f365ac09000-7f365ac0c000 r--p 0000d000 08:02 1451394                    /usr/lib/jvm/java-11-openjdk-amd64/lib/jli/libjli.so
7f365ac0c000-7f365ac0d000 r--p 0000f000 08:02 1451394                    /usr/lib/jvm/java-11-openjdk-amd64/lib/jli/libjli.so
7f365ac0d000-7f365ac0e000 rw-p 00010000 08:02 1451394                    /usr/lib/jvm/java-11-openjdk-amd64/lib/jli/libjli.so
7f365ac0e000-7f365ac14000 r--p 00000000 08:02 1841314                    /usr/lib/x86_64-linux-gnu/libpthread-2.28.so
7f365ac14000-7f365ac23000 r-xp 00006000 08:02 1841314                    /usr/lib/x86_64-linux-gnu/libpthread-2.28.so
7f365ac23000-7f365ac29000 r--p 00015000 08:02 1841314                    /usr/lib/x86_64-linux-gnu/libpthread-2.28.so
7f365ac29000-7f365ac2a000 r--p 0001a000 08:02 1841314                    /usr/lib/x86_64-linux-gnu/libpthread-2.28.so
7f365ac2a000-7f365ac2b000 rw-p 0001b000 08:02 1841314                    /usr/lib/x86_64-linux-gnu/libpthread-2.28.so
7f365ac2b000-7f365ac2f000 rw-p 00000000 00:00 0 
7f365ac2f000-7f365ac4b000 r-xp 00000000 08:02 1841810                    /usr/lib/x86_64-linux-gnu/libz.so.1.2.11
7f365ac4b000-7f365ae4b000 ---p 0001c000 08:02 1841810                    /usr/lib/x86_64-linux-gnu/libz.so.1.2.11
7f365ae4b000-7f365ae4c000 r--p 0001c000 08:02 1841810                    /usr/lib/x86_64-linux-gnu/libz.so.1.2.11
7f365ae4c000-7f365ae4d000 rw-p 0001d000 08:02 1841810                    /usr/lib/x86_64-linux-gnu/libz.so.1.2.11
7f365ae4d000-7f365ae4f000 rw-p 00000000 00:00 0 
7f365ae4f000-7f365ae57000 rw-s 00000000 08:02 1055772                    /tmp/hsperfdata_dedek/19838
7f365ae57000-7f365ae58000 ---p 00000000 00:00 0 
7f365ae58000-7f365ae59000 r--p 00000000 00:00 0 
7f365ae59000-7f365ae5e000 r--p 00000000 08:02 1451430                    /usr/lib/jvm/java-11-openjdk-amd64/lib/libverify.so
7f365ae5e000-7f365ae65000 r-xp 00005000 08:02 1451430                    /usr/lib/jvm/java-11-openjdk-amd64/lib/libverify.so
7f365ae65000-7f365ae67000 r--p 0000c000 08:02 1451430                    /usr/lib/jvm/java-11-openjdk-amd64/lib/libverify.so
7f365ae67000-7f365ae69000 r--p 0000d000 08:02 1451430                    /usr/lib/jvm/java-11-openjdk-amd64/lib/libverify.so
7f365ae69000-7f365ae6a000 rw-p 0000f000 08:02 1451430                    /usr/lib/jvm/java-11-openjdk-amd64/lib/libverify.so
7f365ae6a000-7f365ae6b000 r--p 00000000 08:02 1839572                    /usr/lib/x86_64-linux-gnu/ld-2.28.so
7f365ae6b000-7f365ae89000 r-xp 00001000 08:02 1839572                    /usr/lib/x86_64-linux-gnu/ld-2.28.so
7f365ae89000-7f365ae91000 r--p 0001f000 08:02 1839572                    /usr/lib/x86_64-linux-gnu/ld-2.28.so
7f365ae91000-7f365ae92000 r--p 00026000 08:02 1839572                    /usr/lib/x86_64-linux-gnu/ld-2.28.so
7f365ae92000-7f365ae93000 rw-p 00027000 08:02 1839572                    /usr/lib/x86_64-linux-gnu/ld-2.28.so
7f365ae93000-7f365ae94000 rw-p 00000000 00:00 0 
7fffde6ec000-7fffde70d000 rw-p 00000000 00:00 0                          [stack]
7fffde762000-7fffde765000 r--p 00000000 00:00 0                          [vvar]
7fffde765000-7fffde767000 r-xp 00000000 00:00 0                          [vdso]


VM Arguments:
java_command: <unknown>
java_class_path (initial): <not set>
Launcher Type: SUN_STANDARD

[Global flags]
     intx CICompilerCount                          = 3                                         {product} {ergonomic}
     uint ConcGCThreads                            = 1                                         {product} {ergonomic}
     uint G1ConcRefinementThreads                  = 4                                         {product} {ergonomic}
   size_t G1HeapRegionSize                         = 1048576                                   {product} {ergonomic}
    uintx GCDrainStackTargetSize                   = 64                                        {product} {ergonomic}
   size_t InitialHeapSize                          = 62914560                                  {product} {ergonomic}
   size_t MarkStackSize                            = 4194304                                   {product} {ergonomic}
   size_t MaxHeapSize                              = 981467136                                 {product} {ergonomic}
   size_t MinHeapDeltaBytes                        = 1048576                                   {product} {ergonomic}
    uintx NonNMethodCodeHeapSize                   = 5830732                                {pd product} {ergonomic}
    uintx NonProfiledCodeHeapSize                  = 122913754                              {pd product} {ergonomic}
    uintx ProfiledCodeHeapSize                     = 122913754                              {pd product} {ergonomic}
    uintx ReservedCodeCacheSize                    = 251658240                              {pd product} {ergonomic}
     bool SegmentedCodeCache                       = true                                      {product} {ergonomic}
     bool UseCompressedClassPointers               = true                                 {lp64_product} {ergonomic}
     bool UseCompressedOops                        = true                                 {lp64_product} {ergonomic}
     bool UseG1GC                                  = true                                      {product} {ergonomic}

Logging:
Log output configuration:
 #0: stdout all=warning uptime,level,tags
 #1: stderr all=off uptime,level,tags

Environment Variables:
JAVA_HOME=/usr/lib/jvm/java-11-openjdk-amd64/bin/java 
PATH=/usr/local/bin:/usr/bin:/bin:/usr/local/games:/usr/games
SHELL=/bin/bash
DISPLAY=:0

Signal Handlers:
SIGSEGV: [libjvm.so+0xd26680], sa_mask[0]=11111111011111111101111111111110, sa_flags=SA_RESTART|SA_SIGINFO
SIGBUS: [libjvm.so+0xd26680], sa_mask[0]=11111111011111111101111111111110, sa_flags=SA_RESTART|SA_SIGINFO
SIGFPE: [libjvm.so+0xd26680], sa_mask[0]=11111111011111111101111111111110, sa_flags=SA_RESTART|SA_SIGINFO
SIGPIPE: [libjvm.so+0xb2c8b0], sa_mask[0]=11111111011111111101111111111110, sa_flags=SA_RESTART|SA_SIGINFO
SIGXFSZ: [libjvm.so+0xb2c8b0], sa_mask[0]=11111111011111111101111111111110, sa_flags=SA_RESTART|SA_SIGINFO
SIGILL: [libjvm.so+0xd26680], sa_mask[0]=11111111011111111101111111111110, sa_flags=SA_RESTART|SA_SIGINFO
SIGUSR2: [libjvm.so+0xb2c740], sa_mask[0]=00000000000000000000000000000000, sa_flags=SA_RESTART|SA_SIGINFO
SIGHUP: SIG_DFL, sa_mask[0]=00000000000000000000000000000000, sa_flags=none
SIGINT: SIG_DFL, sa_mask[0]=00000000000000000000000000000000, sa_flags=none
SIGTERM: SIG_DFL, sa_mask[0]=00000000000000000000000000000000, sa_flags=none
SIGQUIT: SIG_DFL, sa_mask[0]=00000000000000000000000000000000, sa_flags=none


---------------  S Y S T E M  ---------------

OS:PRETTY_NAME="MX 19 patito feo"
DISTRIB_ID=MX
DISTRIB_RELEASE=19
DISTRIB_CODENAME="patito feo"
DISTRIB_DESCRIPTION="MX 19 patito feo"
uname:Linux 4.19.0-6-amd64 #1 SMP Debian 4.19.67-2+deb10u2 (2019-11-11) x86_64
libc:glibc 2.28 NPTL 2.28 
rlimit: STACK 8192k, CORE 0k, NPROC 14714, NOFILE 4096, AS infinity, DATA infinity, FSIZE infinity
load average:22.90 29.57 37.62

/proc/meminfo:
MemTotal:        3831064 kB
MemFree:           85064 kB
MemAvailable:          0 kB
Buffers:             344 kB
Cached:           294508 kB
SwapCached:         1780 kB
Active:          2817396 kB
Inactive:         623732 kB
Active(anon):    2804608 kB
Inactive(anon):   610368 kB
Active(file):      12788 kB
Inactive(file):    13364 kB
Unevictable:         112 kB
Mlocked:             112 kB
SwapTotal:       2097148 kB
SwapFree:              0 kB
Dirty:                32 kB
Writeback:            12 kB
AnonPages:       3145088 kB
Mapped:            33012 kB
Shmem:            268272 kB
Slab:             112736 kB
SReclaimable:      36284 kB
SUnreclaim:        76452 kB
KernelStack:       22128 kB
PageTables:        73896 kB
NFS_Unstable:          0 kB
Bounce:                0 kB
WritebackTmp:          0 kB
CommitLimit:     4012680 kB
Committed_AS:   18059548 kB
VmallocTotal:   34359738367 kB
VmallocUsed:           0 kB
VmallocChunk:          0 kB
Percpu:             1824 kB
HardwareCorrupted:     0 kB
AnonHugePages:    428032 kB
ShmemHugePages:        0 kB
ShmemPmdMapped:        0 kB
HugePages_Total:       0
HugePages_Free:        0
HugePages_Rsvd:        0
HugePages_Surp:        0
Hugepagesize:       2048 kB
Hugetlb:               0 kB
DirectMap4k:      260088 kB
DirectMap2M:     3723264 kB


/proc/sys/kernel/threads-max (system-wide limit on the number of threads):
29429


/proc/sys/vm/max_map_count (maximum number of memory map areas a process may have):
65530


/proc/sys/kernel/pid_max (system-wide limit on number of process identifiers):
32768



Steal ticks since vm start: 0
Steal ticks percentage since vm start:  0.000

CPU:total 4 (initial active 4) (2 cores per cpu, 2 threads per core) family 6 model 42 stepping 7, cmov, cx8, fxsr, mmx, sse, sse2, sse3, ssse3, sse4.1, sse4.2, popcnt, avx, clmul, ht, tsc, tscinvbit
CPU Model and flags from /proc/cpuinfo:
model name	: Intel(R) Core(TM) i3-2367M CPU @ 1.40GHz
flags		: fpu vme de pse tsc msr pae mce cx8 apic sep mtrr pge mca cmov pat pse36 clflush dts acpi mmx fxsr sse sse2 ss ht tm pbe syscall nx rdtscp lm constant_tsc arch_perfmon pebs bts rep_good nopl xtopology nonstop_tsc cpuid aperfmperf pni pclmulqdq dtes64 monitor ds_cpl vmx est tm2 ssse3 cx16 xtpr pdcm pcid sse4_1 sse4_2 x2apic popcnt tsc_deadline_timer xsave avx lahf_lm epb pti ssbd ibrs ibpb stibp tpr_shadow vnmi flexpriority ept vpid xsaveopt dtherm arat pln pts md_clear flush_l1d

Memory: 4k page, physical 3831064k(85332k free), swap 2097148k(0k free)

vm_info: OpenJDK 64-Bit Server VM (11.0.6+10-post-Debian-1deb10u1) for linux-amd64 JRE (11.0.6+10-post-Debian-1deb10u1), built on Jan 17 2020 00:09:03 by "unknown" with gcc 8.3.0

END.
