#
# There is insufficient memory for the Java Runtime Environment to continue.
# Native memory allocation (mmap) failed to map 62914560 bytes for committing reserved memory.
# Possible reasons:
#   The system is out of physical RAM or swap space
#   The process is running with CompressedOops enabled, and the Java Heap may be blocking the growth of the native heap
# Possible solutions:
#   Reduce memory load on the system
#   Increase physical memory or swap space
#   Check if swap backing store is full
#   Decrease Java heap size (-Xmx/-Xms)
#   Decrease number of Java threads
#   Decrease Java thread stack sizes (-Xss)
#   Set larger code cache with -XX:ReservedCodeCacheSize=
# This output file may be truncated or incomplete.
#
#  Out of Memory Error (os_linux.cpp:2852), pid=19092, tid=19093
#
# JRE version:  (11.0.6+10) (build )
# Java VM: OpenJDK 64-Bit Server VM (11.0.6+10-post-Debian-1deb10u1, mixed mode, sharing, tiered, compressed oops, g1 gc, linux-amd64)
# No core dump will be written. Core dumps have been disabled. To enable core dumping, try "ulimit -c unlimited" before starting Java again
#

---------------  S U M M A R Y ------------

Command Line: 

Host: Intel(R) Core(TM) i3-2367M CPU @ 1.40GHz, 4 cores, 3G, MX 19 patito feo
Time: Wed Jun 10 14:54:08 2020 WIB elapsed time: 0 seconds (0d 0h 0m 0s)

---------------  T H R E A D  ---------------

Current thread (0x00007f1564013800):  JavaThread "Unknown thread" [_thread_in_vm, id=19093, stack(0x00007f1569dbb000,0x00007f1569ebc000)]

Stack: [0x00007f1569dbb000,0x00007f1569ebc000],  sp=0x00007f1569eba230,  free space=1020k
Native frames: (J=compiled Java code, A=aot compiled Java code, j=interpreted, Vv=VM code, C=native code)
V  [libjvm.so+0xd24d14]
V  [libjvm.so+0xd2598b]
V  [libjvm.so+0x617df5]
V  [libjvm.so+0xb308a8]
V  [libjvm.so+0xb28a5d]
V  [libjvm.so+0x72f46f]
V  [libjvm.so+0x72f81e]
V  [libjvm.so+0x738b16]
V  [libjvm.so+0x7af224]
V  [libjvm.so+0x7afe30]
V  [libjvm.so+0x7b0257]
V  [libjvm.so+0x6edf90]
V  [libjvm.so+0x6ee691]
V  [libjvm.so+0xce7d02]
V  [libjvm.so+0xce7f96]
V  [libjvm.so+0x7ce087]
V  [libjvm.so+0xcc2f3a]
V  [libjvm.so+0x873e41]  JNI_CreateJavaVM+0x51
C  [libjli.so+0x47ff]
C  [libjli.so+0x94bd]


---------------  P R O C E S S  ---------------

Threads class SMR info:
_java_thread_list=0x000055a2199b4f20, length=0, elements={
}

Java Threads: ( => current thread )

Other Threads:
  0x00007f156402b800 GCTaskThread "GC Thread#0" [stack: 0x00007f1569a73000,0x00007f1569b73000] [id=19097]
  0x00007f1564045800 ConcurrentGCThread "G1 Main Marker" [stack: 0x00007f1568131000,0x00007f1568231000] [id=19098]
  0x00007f1564047800 ConcurrentGCThread "G1 Conc#0" [stack: 0x00007f156802f000,0x00007f156812f000] [id=19099]

[error occurred during error reporting (printing all threads), id 0xb, SIGSEGV (0xb) at pc=0x00007f156a8e4780]

VM state:not at safepoint (not fully initialized)

VM Mutex/Monitor currently owned by a thread:  ([mutex/lock_event])
[0x00007f1564010e40] Heap_lock - owner thread: 0x00007f1564013800

Heap address: 0x00000000c5800000, size: 936 MB, Compressed Oops mode: Non-zero based: 0x00000000c5800000
Narrow klass base: 0x0000000000000000, Narrow klass shift: 0

GC Heap History (0 events):
No events

Deoptimization events (0 events):
No events

Classes redefined (0 events):
No events

Internal exceptions (0 events):
No events

Events (3 events):
Event: 0.333 Protecting memory [0x00007f1569dbb000,0x00007f1569dbf000] with protection modes 0
Event: 0.466 Loaded shared library /usr/lib/jvm/java-11-openjdk-amd64/lib/libzip.so
Event: 0.487 Loaded shared library /usr/lib/jvm/java-11-openjdk-amd64/lib/libjimage.so


Dynamic libraries:
c9400000-100000000 ---p 00000000 00:00 0 
55a218bb0000-55a218bb1000 r--p 00000000 08:02 1443488                    /usr/lib/jvm/java-11-openjdk-amd64/bin/java
55a218bb1000-55a218bb2000 r-xp 00001000 08:02 1443488                    /usr/lib/jvm/java-11-openjdk-amd64/bin/java
55a218bb2000-55a218bb3000 r--p 00002000 08:02 1443488                    /usr/lib/jvm/java-11-openjdk-amd64/bin/java
55a218bb3000-55a218bb4000 r--p 00002000 08:02 1443488                    /usr/lib/jvm/java-11-openjdk-amd64/bin/java
55a218bb4000-55a218bb5000 rw-p 00003000 08:02 1443488                    /usr/lib/jvm/java-11-openjdk-amd64/bin/java
55a21999d000-55a2199be000 rw-p 00000000 00:00 0                          [heap]
7f1538000000-7f1538021000 rw-p 00000000 00:00 0 
7f1538021000-7f153c000000 ---p 00000000 00:00 0 
7f1540000000-7f1540021000 rw-p 00000000 00:00 0 
7f1540021000-7f1544000000 ---p 00000000 00:00 0 
7f1545160000-7f1547160000 rw-p 00000000 00:00 0 
7f1547160000-7f1548000000 ---p 00000000 00:00 0 
7f1548000000-7f1548021000 rw-p 00000000 00:00 0 
7f1548021000-7f154c000000 ---p 00000000 00:00 0 
7f154c50c000-7f154c910000 rw-p 00000000 00:00 0 
7f154c910000-7f154cb80000 rwxp 00000000 00:00 0 
7f154cb80000-7f154cea0000 ---p 00000000 00:00 0 
7f154cea0000-7f154d110000 rwxp 00000000 00:00 0 
7f154d110000-7f15543d8000 ---p 00000000 00:00 0 
7f15543d8000-7f1554648000 rwxp 00000000 00:00 0 
7f1554648000-7f155b910000 ---p 00000000 00:00 0 
7f155b910000-7f1564000000 r--s 00000000 08:02 1451432                    /usr/lib/jvm/java-11-openjdk-amd64/lib/modules
7f1564000000-7f1564062000 rw-p 00000000 00:00 0 
7f1564062000-7f1568000000 ---p 00000000 00:00 0 
7f156802d000-7f156802e000 ---p 00000000 00:00 0 
7f156802e000-7f156812f000 rw-p 00000000 00:00 0 
7f156812f000-7f1568130000 ---p 00000000 00:00 0 
7f1568130000-7f1568251000 rw-p 00000000 00:00 0 
7f1568251000-7f156966d000 ---p 00000000 00:00 0 
7f156966d000-7f1569a71000 rw-p 00000000 00:00 0 
7f1569a71000-7f1569a72000 ---p 00000000 00:00 0 
7f1569a72000-7f1569b78000 rw-p 00000000 00:00 0 
7f1569b78000-7f1569c5e000 ---p 00000000 00:00 0 
7f1569c5e000-7f1569c63000 rw-p 00000000 00:00 0 
7f1569c63000-7f1569d49000 ---p 00000000 00:00 0 
7f1569d49000-7f1569d4e000 rw-p 00000000 00:00 0 
7f1569d4e000-7f1569d55000 ---p 00000000 00:00 0 
7f1569d55000-7f1569d58000 r--p 00000000 08:02 1841117                    /usr/lib/x86_64-linux-gnu/libnss_files-2.28.so
7f1569d58000-7f1569d5f000 r-xp 00003000 08:02 1841117                    /usr/lib/x86_64-linux-gnu/libnss_files-2.28.so
7f1569d5f000-7f1569d61000 r--p 0000a000 08:02 1841117                    /usr/lib/x86_64-linux-gnu/libnss_files-2.28.so
7f1569d61000-7f1569d62000 ---p 0000c000 08:02 1841117                    /usr/lib/x86_64-linux-gnu/libnss_files-2.28.so
7f1569d62000-7f1569d63000 r--p 0000c000 08:02 1841117                    /usr/lib/x86_64-linux-gnu/libnss_files-2.28.so
7f1569d63000-7f1569d64000 rw-p 0000d000 08:02 1841117                    /usr/lib/x86_64-linux-gnu/libnss_files-2.28.so
7f1569d64000-7f1569d6a000 rw-p 00000000 00:00 0 
7f1569d70000-7f1569d72000 r--s 00007000 08:02 3174849                    /usr/share/java/java-atk-wrapper.jar
7f1569d72000-7f1569d74000 r--p 00000000 08:02 1451414                    /usr/lib/jvm/java-11-openjdk-amd64/lib/libjimage.so
7f1569d74000-7f1569d77000 r-xp 00002000 08:02 1451414                    /usr/lib/jvm/java-11-openjdk-amd64/lib/libjimage.so
7f1569d77000-7f1569d79000 r--p 00005000 08:02 1451414                    /usr/lib/jvm/java-11-openjdk-amd64/lib/libjimage.so
7f1569d79000-7f1569d7a000 r--p 00006000 08:02 1451414                    /usr/lib/jvm/java-11-openjdk-amd64/lib/libjimage.so
7f1569d7a000-7f1569d7b000 rw-p 00007000 08:02 1451414                    /usr/lib/jvm/java-11-openjdk-amd64/lib/libjimage.so
7f1569d7b000-7f1569d7d000 r--p 00000000 08:02 1451431                    /usr/lib/jvm/java-11-openjdk-amd64/lib/libzip.so
7f1569d7d000-7f1569d81000 r-xp 00002000 08:02 1451431                    /usr/lib/jvm/java-11-openjdk-amd64/lib/libzip.so
7f1569d81000-7f1569d83000 r--p 00006000 08:02 1451431                    /usr/lib/jvm/java-11-openjdk-amd64/lib/libzip.so
7f1569d83000-7f1569d84000 r--p 00007000 08:02 1451431                    /usr/lib/jvm/java-11-openjdk-amd64/lib/libzip.so
7f1569d84000-7f1569d85000 rw-p 00008000 08:02 1451431                    /usr/lib/jvm/java-11-openjdk-amd64/lib/libzip.so
7f1569d85000-7f1569d92000 r--p 00000000 08:02 1451410                    /usr/lib/jvm/java-11-openjdk-amd64/lib/libjava.so
7f1569d92000-7f1569da7000 r-xp 0000d000 08:02 1451410                    /usr/lib/jvm/java-11-openjdk-amd64/lib/libjava.so
7f1569da7000-7f1569dae000 r--p 00022000 08:02 1451410                    /usr/lib/jvm/java-11-openjdk-amd64/lib/libjava.so
7f1569dae000-7f1569daf000 r--p 00028000 08:02 1451410                    /usr/lib/jvm/java-11-openjdk-amd64/lib/libjava.so
7f1569daf000-7f1569db1000 rw-p 00029000 08:02 1451410                    /usr/lib/jvm/java-11-openjdk-amd64/lib/libjava.so
7f1569db1000-7f1569db3000 r--p 00000000 08:02 1841390                    /usr/lib/x86_64-linux-gnu/librt-2.28.so
7f1569db3000-7f1569db7000 r-xp 00002000 08:02 1841390                    /usr/lib/x86_64-linux-gnu/librt-2.28.so
7f1569db7000-7f1569db9000 r--p 00006000 08:02 1841390                    /usr/lib/x86_64-linux-gnu/librt-2.28.so
7f1569db9000-7f1569dba000 r--p 00007000 08:02 1841390                    /usr/lib/x86_64-linux-gnu/librt-2.28.so
7f1569dba000-7f1569dbb000 rw-p 00008000 08:02 1841390                    /usr/lib/x86_64-linux-gnu/librt-2.28.so
7f1569dbb000-7f1569dbf000 ---p 00000000 00:00 0 
7f1569dbf000-7f1569ebc000 rw-p 00000000 00:00 0 
7f1569ebc000-7f1569ebf000 r--p 00000000 08:02 1840464                    /usr/lib/x86_64-linux-gnu/libgcc_s.so.1
7f1569ebf000-7f1569ed0000 r-xp 00003000 08:02 1840464                    /usr/lib/x86_64-linux-gnu/libgcc_s.so.1
7f1569ed0000-7f1569ed3000 r--p 00014000 08:02 1840464                    /usr/lib/x86_64-linux-gnu/libgcc_s.so.1
7f1569ed3000-7f1569ed4000 ---p 00017000 08:02 1840464                    /usr/lib/x86_64-linux-gnu/libgcc_s.so.1
7f1569ed4000-7f1569ed5000 r--p 00017000 08:02 1840464                    /usr/lib/x86_64-linux-gnu/libgcc_s.so.1
7f1569ed5000-7f1569ed6000 rw-p 00018000 08:02 1840464                    /usr/lib/x86_64-linux-gnu/libgcc_s.so.1
7f1569ed6000-7f1569ee3000 r--p 00000000 08:02 1840944                    /usr/lib/x86_64-linux-gnu/libm-2.28.so
7f1569ee3000-7f1569f82000 r-xp 0000d000 08:02 1840944                    /usr/lib/x86_64-linux-gnu/libm-2.28.so
7f1569f82000-7f156a057000 r--p 000ac000 08:02 1840944                    /usr/lib/x86_64-linux-gnu/libm-2.28.so
7f156a057000-7f156a058000 r--p 00180000 08:02 1840944                    /usr/lib/x86_64-linux-gnu/libm-2.28.so
7f156a058000-7f156a059000 rw-p 00181000 08:02 1840944                    /usr/lib/x86_64-linux-gnu/libm-2.28.so
7f156a059000-7f156a0e2000 r--p 00000000 08:02 1841495                    /usr/lib/x86_64-linux-gnu/libstdc++.so.6.0.25
7f156a0e2000-7f156a18e000 r-xp 00089000 08:02 1841495                    /usr/lib/x86_64-linux-gnu/libstdc++.so.6.0.25
7f156a18e000-7f156a1cc000 r--p 00135000 08:02 1841495                    /usr/lib/x86_64-linux-gnu/libstdc++.so.6.0.25
7f156a1cc000-7f156a1cd000 ---p 00173000 08:02 1841495                    /usr/lib/x86_64-linux-gnu/libstdc++.so.6.0.25
7f156a1cd000-7f156a1d7000 r--p 00173000 08:02 1841495                    /usr/lib/x86_64-linux-gnu/libstdc++.so.6.0.25
7f156a1d7000-7f156a1d9000 rw-p 0017d000 08:02 1841495                    /usr/lib/x86_64-linux-gnu/libstdc++.so.6.0.25
7f156a1d9000-7f156a1dd000 rw-p 00000000 00:00 0 
7f156a1dd000-7f156a44a000 r--p 00000000 08:02 1451437                    /usr/lib/jvm/java-11-openjdk-amd64/lib/server/libjvm.so
7f156a44a000-7f156af76000 r-xp 0026d000 08:02 1451437                    /usr/lib/jvm/java-11-openjdk-amd64/lib/server/libjvm.so
7f156af76000-7f156b1ae000 r--p 00d99000 08:02 1451437                    /usr/lib/jvm/java-11-openjdk-amd64/lib/server/libjvm.so
7f156b1ae000-7f156b26b000 r--p 00fd0000 08:02 1451437                    /usr/lib/jvm/java-11-openjdk-amd64/lib/server/libjvm.so
7f156b26b000-7f156b2a5000 rw-p 0108d000 08:02 1451437                    /usr/lib/jvm/java-11-openjdk-amd64/lib/server/libjvm.so
7f156b2a5000-7f156b2fd000 rw-p 00000000 00:00 0 
7f156b2fd000-7f156b31f000 r--p 00000000 08:02 1840137                    /usr/lib/x86_64-linux-gnu/libc-2.28.so
7f156b31f000-7f156b467000 r-xp 00022000 08:02 1840137                    /usr/lib/x86_64-linux-gnu/libc-2.28.so
7f156b467000-7f156b4b3000 r--p 0016a000 08:02 1840137                    /usr/lib/x86_64-linux-gnu/libc-2.28.so
7f156b4b3000-7f156b4b4000 ---p 001b6000 08:02 1840137                    /usr/lib/x86_64-linux-gnu/libc-2.28.so
7f156b4b4000-7f156b4b8000 r--p 001b6000 08:02 1840137                    /usr/lib/x86_64-linux-gnu/libc-2.28.so
7f156b4b8000-7f156b4ba000 rw-p 001ba000 08:02 1840137                    /usr/lib/x86_64-linux-gnu/libc-2.28.so
7f156b4ba000-7f156b4be000 rw-p 00000000 00:00 0 
7f156b4be000-7f156b4bf000 r--p 00000000 08:02 1840286                    /usr/lib/x86_64-linux-gnu/libdl-2.28.so
7f156b4bf000-7f156b4c0000 r-xp 00001000 08:02 1840286                    /usr/lib/x86_64-linux-gnu/libdl-2.28.so
7f156b4c0000-7f156b4c1000 r--p 00002000 08:02 1840286                    /usr/lib/x86_64-linux-gnu/libdl-2.28.so
7f156b4c1000-7f156b4c2000 r--p 00002000 08:02 1840286                    /usr/lib/x86_64-linux-gnu/libdl-2.28.so
7f156b4c2000-7f156b4c3000 rw-p 00003000 08:02 1840286                    /usr/lib/x86_64-linux-gnu/libdl-2.28.so
7f156b4c3000-7f156b4c6000 r--p 00000000 08:02 1451394                    /usr/lib/jvm/java-11-openjdk-amd64/lib/jli/libjli.so
7f156b4c6000-7f156b4d0000 r-xp 00003000 08:02 1451394                    /usr/lib/jvm/java-11-openjdk-amd64/lib/jli/libjli.so
7f156b4d0000-7f156b4d3000 r--p 0000d000 08:02 1451394                    /usr/lib/jvm/java-11-openjdk-amd64/lib/jli/libjli.so
7f156b4d3000-7f156b4d4000 r--p 0000f000 08:02 1451394                    /usr/lib/jvm/java-11-openjdk-amd64/lib/jli/libjli.so
7f156b4d4000-7f156b4d5000 rw-p 00010000 08:02 1451394                    /usr/lib/jvm/java-11-openjdk-amd64/lib/jli/libjli.so
7f156b4d5000-7f156b4db000 r--p 00000000 08:02 1841314                    /usr/lib/x86_64-linux-gnu/libpthread-2.28.so
7f156b4db000-7f156b4ea000 r-xp 00006000 08:02 1841314                    /usr/lib/x86_64-linux-gnu/libpthread-2.28.so
7f156b4ea000-7f156b4f0000 r--p 00015000 08:02 1841314                    /usr/lib/x86_64-linux-gnu/libpthread-2.28.so
7f156b4f0000-7f156b4f1000 r--p 0001a000 08:02 1841314                    /usr/lib/x86_64-linux-gnu/libpthread-2.28.so
7f156b4f1000-7f156b4f2000 rw-p 0001b000 08:02 1841314                    /usr/lib/x86_64-linux-gnu/libpthread-2.28.so
7f156b4f2000-7f156b4f6000 rw-p 00000000 00:00 0 
7f156b4f6000-7f156b512000 r-xp 00000000 08:02 1841810                    /usr/lib/x86_64-linux-gnu/libz.so.1.2.11
7f156b512000-7f156b712000 ---p 0001c000 08:02 1841810                    /usr/lib/x86_64-linux-gnu/libz.so.1.2.11
7f156b712000-7f156b713000 r--p 0001c000 08:02 1841810                    /usr/lib/x86_64-linux-gnu/libz.so.1.2.11
7f156b713000-7f156b714000 rw-p 0001d000 08:02 1841810                    /usr/lib/x86_64-linux-gnu/libz.so.1.2.11
7f156b714000-7f156b716000 rw-p 00000000 00:00 0 
7f156b716000-7f156b71e000 rw-s 00000000 08:02 1055772                    /tmp/hsperfdata_dedek/19092
7f156b71e000-7f156b71f000 ---p 00000000 00:00 0 
7f156b71f000-7f156b720000 r--p 00000000 00:00 0 
7f156b720000-7f156b725000 r--p 00000000 08:02 1451430                    /usr/lib/jvm/java-11-openjdk-amd64/lib/libverify.so
7f156b725000-7f156b72c000 r-xp 00005000 08:02 1451430                    /usr/lib/jvm/java-11-openjdk-amd64/lib/libverify.so
7f156b72c000-7f156b72e000 r--p 0000c000 08:02 1451430                    /usr/lib/jvm/java-11-openjdk-amd64/lib/libverify.so
7f156b72e000-7f156b730000 r--p 0000d000 08:02 1451430                    /usr/lib/jvm/java-11-openjdk-amd64/lib/libverify.so
7f156b730000-7f156b731000 rw-p 0000f000 08:02 1451430                    /usr/lib/jvm/java-11-openjdk-amd64/lib/libverify.so
7f156b731000-7f156b732000 r--p 00000000 08:02 1839572                    /usr/lib/x86_64-linux-gnu/ld-2.28.so
7f156b732000-7f156b750000 r-xp 00001000 08:02 1839572                    /usr/lib/x86_64-linux-gnu/ld-2.28.so
7f156b750000-7f156b758000 r--p 0001f000 08:02 1839572                    /usr/lib/x86_64-linux-gnu/ld-2.28.so
7f156b758000-7f156b759000 r--p 00026000 08:02 1839572                    /usr/lib/x86_64-linux-gnu/ld-2.28.so
7f156b759000-7f156b75a000 rw-p 00027000 08:02 1839572                    /usr/lib/x86_64-linux-gnu/ld-2.28.so
7f156b75a000-7f156b75b000 rw-p 00000000 00:00 0 
7ffe981ac000-7ffe981cd000 rw-p 00000000 00:00 0                          [stack]
7ffe981e4000-7ffe981e7000 r--p 00000000 00:00 0                          [vvar]
7ffe981e7000-7ffe981e9000 r-xp 00000000 00:00 0                          [vdso]


VM Arguments:
java_command: <unknown>
java_class_path (initial): <not set>
Launcher Type: SUN_STANDARD

[Global flags]
     intx CICompilerCount                          = 3                                         {product} {ergonomic}
     uint ConcGCThreads                            = 1                                         {product} {ergonomic}
     uint G1ConcRefinementThreads                  = 4                                         {product} {ergonomic}
   size_t G1HeapRegionSize                         = 1048576                                   {product} {ergonomic}
    uintx GCDrainStackTargetSize                   = 64                                        {product} {ergonomic}
   size_t InitialHeapSize                          = 62914560                                  {product} {ergonomic}
   size_t MarkStackSize                            = 4194304                                   {product} {ergonomic}
   size_t MaxHeapSize                              = 981467136                                 {product} {ergonomic}
   size_t MinHeapDeltaBytes                        = 1048576                                   {product} {ergonomic}
    uintx NonNMethodCodeHeapSize                   = 5830732                                {pd product} {ergonomic}
    uintx NonProfiledCodeHeapSize                  = 122913754                              {pd product} {ergonomic}
    uintx ProfiledCodeHeapSize                     = 122913754                              {pd product} {ergonomic}
    uintx ReservedCodeCacheSize                    = 251658240                              {pd product} {ergonomic}
     bool SegmentedCodeCache                       = true                                      {product} {ergonomic}
     bool UseCompressedClassPointers               = true                                 {lp64_product} {ergonomic}
     bool UseCompressedOops                        = true                                 {lp64_product} {ergonomic}
     bool UseG1GC                                  = true                                      {product} {ergonomic}

Logging:
Log output configuration:
 #0: stdout all=warning uptime,level,tags
 #1: stderr all=off uptime,level,tags

Environment Variables:
JAVA_HOME=/usr/lib/jvm/java-11-openjdk-amd64/bin/java 
PATH=/usr/local/bin:/usr/bin:/bin:/usr/local/games:/usr/games
SHELL=/bin/bash
DISPLAY=:0

Signal Handlers:
SIGSEGV: [libjvm.so+0xd26680], sa_mask[0]=11111111011111111101111111111110, sa_flags=SA_RESTART|SA_SIGINFO
SIGBUS: [libjvm.so+0xd26680], sa_mask[0]=11111111011111111101111111111110, sa_flags=SA_RESTART|SA_SIGINFO
SIGFPE: [libjvm.so+0xd26680], sa_mask[0]=11111111011111111101111111111110, sa_flags=SA_RESTART|SA_SIGINFO
SIGPIPE: [libjvm.so+0xb2c8b0], sa_mask[0]=11111111011111111101111111111110, sa_flags=SA_RESTART|SA_SIGINFO
SIGXFSZ: [libjvm.so+0xb2c8b0], sa_mask[0]=11111111011111111101111111111110, sa_flags=SA_RESTART|SA_SIGINFO
SIGILL: [libjvm.so+0xd26680], sa_mask[0]=11111111011111111101111111111110, sa_flags=SA_RESTART|SA_SIGINFO
SIGUSR2: [libjvm.so+0xb2c740], sa_mask[0]=00000000000000000000000000000000, sa_flags=SA_RESTART|SA_SIGINFO
SIGHUP: SIG_DFL, sa_mask[0]=00000000000000000000000000000000, sa_flags=none
SIGINT: SIG_DFL, sa_mask[0]=00000000000000000000000000000000, sa_flags=none
SIGTERM: SIG_DFL, sa_mask[0]=00000000000000000000000000000000, sa_flags=none
SIGQUIT: SIG_DFL, sa_mask[0]=00000000000000000000000000000000, sa_flags=none


---------------  S Y S T E M  ---------------

OS:PRETTY_NAME="MX 19 patito feo"
DISTRIB_ID=MX
DISTRIB_RELEASE=19
DISTRIB_CODENAME="patito feo"
DISTRIB_DESCRIPTION="MX 19 patito feo"
uname:Linux 4.19.0-6-amd64 #1 SMP Debian 4.19.67-2+deb10u2 (2019-11-11) x86_64
libc:glibc 2.28 NPTL 2.28 
rlimit: STACK 8192k, CORE 0k, NPROC 14714, NOFILE 4096, AS infinity, DATA infinity, FSIZE infinity
load average:47.63 53.46 42.64

/proc/meminfo:
MemTotal:        3831064 kB
MemFree:           86768 kB
MemAvailable:      14424 kB
Buffers:             852 kB
Cached:           321520 kB
SwapCached:          932 kB
Active:          2811540 kB
Inactive:         628432 kB
Active(anon):    2783084 kB
Inactive(anon):   600524 kB
Active(file):      28456 kB
Inactive(file):    27908 kB
Unevictable:          96 kB
Mlocked:              96 kB
SwapTotal:       2097148 kB
SwapFree:             12 kB
Dirty:                 0 kB
Writeback:             0 kB
AnonPages:       3116996 kB
Mapped:            68800 kB
Shmem:            265576 kB
Slab:             113024 kB
SReclaimable:      36476 kB
SUnreclaim:        76548 kB
KernelStack:       22048 kB
PageTables:        73588 kB
NFS_Unstable:          0 kB
Bounce:                0 kB
WritebackTmp:          0 kB
CommitLimit:     4012680 kB
Committed_AS:   18057364 kB
VmallocTotal:   34359738367 kB
VmallocUsed:           0 kB
VmallocChunk:          0 kB
Percpu:             1824 kB
HardwareCorrupted:     0 kB
AnonHugePages:    466944 kB
ShmemHugePages:        0 kB
ShmemPmdMapped:        0 kB
HugePages_Total:       0
HugePages_Free:        0
HugePages_Rsvd:        0
HugePages_Surp:        0
Hugepagesize:       2048 kB
Hugetlb:               0 kB
DirectMap4k:      260088 kB
DirectMap2M:     3723264 kB


/proc/sys/kernel/threads-max (system-wide limit on the number of threads):
29429


/proc/sys/vm/max_map_count (maximum number of memory map areas a process may have):
65530


/proc/sys/kernel/pid_max (system-wide limit on number of process identifiers):
32768



Steal ticks since vm start: 0
Steal ticks percentage since vm start:  0.000

CPU:total 4 (initial active 4) (2 cores per cpu, 2 threads per core) family 6 model 42 stepping 7, cmov, cx8, fxsr, mmx, sse, sse2, sse3, ssse3, sse4.1, sse4.2, popcnt, avx, clmul, ht, tsc, tscinvbit
CPU Model and flags from /proc/cpuinfo:
model name	: Intel(R) Core(TM) i3-2367M CPU @ 1.40GHz
flags		: fpu vme de pse tsc msr pae mce cx8 apic sep mtrr pge mca cmov pat pse36 clflush dts acpi mmx fxsr sse sse2 ss ht tm pbe syscall nx rdtscp lm constant_tsc arch_perfmon pebs bts rep_good nopl xtopology nonstop_tsc cpuid aperfmperf pni pclmulqdq dtes64 monitor ds_cpl vmx est tm2 ssse3 cx16 xtpr pdcm pcid sse4_1 sse4_2 x2apic popcnt tsc_deadline_timer xsave avx lahf_lm epb pti ssbd ibrs ibpb stibp tpr_shadow vnmi flexpriority ept vpid xsaveopt dtherm arat pln pts md_clear flush_l1d

Memory: 4k page, physical 3831064k(85004k free), swap 2097148k(24k free)

vm_info: OpenJDK 64-Bit Server VM (11.0.6+10-post-Debian-1deb10u1) for linux-amd64 JRE (11.0.6+10-post-Debian-1deb10u1), built on Jan 17 2020 00:09:03 by "unknown" with gcc 8.3.0

END.
